\BOOKMARK [0][-]{chapter.1}{\376\377\0001\000\040\000C\000l\000a\000s\000s\000\040\000I\000n\000d\000e\000x}{}% 1
\BOOKMARK [1][-]{section.1.1}{\376\377\0001\000.\0001\000\040\000C\000l\000a\000s\000s\000\040\000L\000i\000s\000t}{chapter.1}% 2
\BOOKMARK [0][-]{chapter.2}{\376\377\0002\000\040\000F\000i\000l\000e\000\040\000I\000n\000d\000e\000x}{}% 3
\BOOKMARK [1][-]{section.2.1}{\376\377\0002\000.\0001\000\040\000F\000i\000l\000e\000\040\000L\000i\000s\000t}{chapter.2}% 4
\BOOKMARK [0][-]{chapter.3}{\376\377\0003\000\040\000C\000l\000a\000s\000s\000\040\000D\000o\000c\000u\000m\000e\000n\000t\000a\000t\000i\000o\000n}{}% 5
\BOOKMARK [1][-]{section.3.1}{\376\377\0003\000.\0001\000\040\000A\000r\000v\000o\000r\000e\000B\000i\000n\000a\000r\000i\000a\000\040\000S\000t\000r\000u\000c\000t\000\040\000R\000e\000f\000e\000r\000e\000n\000c\000e}{chapter.3}% 6
\BOOKMARK [2][-]{subsection.3.1.1}{\376\377\0003\000.\0001\000.\0001\000\040\000D\000e\000t\000a\000i\000l\000e\000d\000\040\000D\000e\000s\000c\000r\000i\000p\000t\000i\000o\000n}{section.3.1}% 7
\BOOKMARK [2][-]{subsection.3.1.2}{\376\377\0003\000.\0001\000.\0002\000\040\000M\000e\000m\000b\000e\000r\000\040\000D\000a\000t\000a\000\040\000D\000o\000c\000u\000m\000e\000n\000t\000a\000t\000i\000o\000n}{section.3.1}% 8
\BOOKMARK [3][-]{subsubsection.3.1.2.1}{\376\377\0003\000.\0001\000.\0002\000.\0001\000\040\000r\000a\000i\000z}{subsection.3.1.2}% 9
\BOOKMARK [3][-]{subsubsection.3.1.2.2}{\376\377\0003\000.\0001\000.\0002\000.\0002\000\040\000t\000a\000m\000a\000n\000h\000o}{subsection.3.1.2}% 10
\BOOKMARK [1][-]{section.3.2}{\376\377\0003\000.\0002\000\040\000N\000o\000A\000r\000v\000o\000r\000e\000\040\000S\000t\000r\000u\000c\000t\000\040\000R\000e\000f\000e\000r\000e\000n\000c\000e}{chapter.3}% 11
\BOOKMARK [2][-]{subsection.3.2.1}{\376\377\0003\000.\0002\000.\0001\000\040\000D\000e\000t\000a\000i\000l\000e\000d\000\040\000D\000e\000s\000c\000r\000i\000p\000t\000i\000o\000n}{section.3.2}% 12
\BOOKMARK [2][-]{subsection.3.2.2}{\376\377\0003\000.\0002\000.\0002\000\040\000M\000e\000m\000b\000e\000r\000\040\000D\000a\000t\000a\000\040\000D\000o\000c\000u\000m\000e\000n\000t\000a\000t\000i\000o\000n}{section.3.2}% 13
\BOOKMARK [3][-]{subsubsection.3.2.2.1}{\376\377\0003\000.\0002\000.\0002\000.\0001\000\040\000d\000i\000r\000e\000i\000t\000o}{subsection.3.2.2}% 14
\BOOKMARK [3][-]{subsubsection.3.2.2.2}{\376\377\0003\000.\0002\000.\0002\000.\0002\000\040\000e\000s\000q\000u\000e\000r\000d\000o}{subsection.3.2.2}% 15
\BOOKMARK [3][-]{subsubsection.3.2.2.3}{\376\377\0003\000.\0002\000.\0002\000.\0003\000\040\000m\000a\000t\000r\000i\000c\000u\000l\000a}{subsection.3.2.2}% 16
\BOOKMARK [3][-]{subsubsection.3.2.2.4}{\376\377\0003\000.\0002\000.\0002\000.\0004\000\040\000n\000o\000m\000e}{subsection.3.2.2}% 17
\BOOKMARK [0][-]{chapter.4}{\376\377\0004\000\040\000F\000i\000l\000e\000\040\000D\000o\000c\000u\000m\000e\000n\000t\000a\000t\000i\000o\000n}{}% 18
\BOOKMARK [1][-]{section.4.1}{\376\377\0004\000.\0001\000\040\000A\000r\000v\000o\000r\000e\000B\000i\000n\000a\000r\000i\000a\000D\000i\000n\000a\000m\000i\000c\000a\000.\000h\000\040\000F\000i\000l\000e\000\040\000R\000e\000f\000e\000r\000e\000n\000c\000e}{chapter.4}% 19
\BOOKMARK [2][-]{subsection.4.1.1}{\376\377\0004\000.\0001\000.\0001\000\040\000D\000e\000t\000a\000i\000l\000e\000d\000\040\000D\000e\000s\000c\000r\000i\000p\000t\000i\000o\000n}{section.4.1}% 20
\BOOKMARK [2][-]{subsection.4.1.2}{\376\377\0004\000.\0001\000.\0002\000\040\000T\000y\000p\000e\000d\000e\000f\000\040\000D\000o\000c\000u\000m\000e\000n\000t\000a\000t\000i\000o\000n}{section.4.1}% 21
\BOOKMARK [3][-]{subsubsection.4.1.2.1}{\376\377\0004\000.\0001\000.\0002\000.\0001\000\040\000p\000r\000o\000c\000e\000s\000s\000T\000i\000m\000e}{subsection.4.1.2}% 22
\BOOKMARK [3][-]{subsubsection.4.1.2.2}{\376\377\0004\000.\0001\000.\0002\000.\0002\000\040\000s\000t\000r\000i\000n\000g}{subsection.4.1.2}% 23
\BOOKMARK [2][-]{subsection.4.1.3}{\376\377\0004\000.\0001\000.\0003\000\040\000F\000u\000n\000c\000t\000i\000o\000n\000\040\000D\000o\000c\000u\000m\000e\000n\000t\000a\000t\000i\000o\000n}{section.4.1}% 24
\BOOKMARK [3][-]{subsubsection.4.1.3.1}{\376\377\0004\000.\0001\000.\0003\000.\0001\000\040\000a\000b\000r\000i\000r\000A\000r\000q\000u\000i\000v\000o\000\050\000\051}{subsection.4.1.3}% 25
\BOOKMARK [3][-]{subsubsection.4.1.3.2}{\376\377\0004\000.\0001\000.\0003\000.\0002\000\040\000b\000u\000s\000c\000a\000r\000N\000o\000\050\000\051}{subsection.4.1.3}% 26
\BOOKMARK [3][-]{subsubsection.4.1.3.3}{\376\377\0004\000.\0001\000.\0003\000.\0003\000\040\000c\000a\000l\000c\000u\000l\000a\000r\000T\000e\000m\000p\000o\000\050\000\051}{subsection.4.1.3}% 27
\BOOKMARK [3][-]{subsubsection.4.1.3.4}{\376\377\0004\000.\0001\000.\0003\000.\0004\000\040\000c\000o\000n\000t\000a\000r\000M\000a\000t\000r\000i\000c\000u\000l\000a\000s\000\050\000\051}{subsection.4.1.3}% 28
\BOOKMARK [3][-]{subsubsection.4.1.3.5}{\376\377\0004\000.\0001\000.\0003\000.\0005\000\040\000e\000n\000c\000o\000n\000t\000r\000a\000r\000M\000i\000n\000i\000m\000o\000\050\000\051}{subsection.4.1.3}% 29
\BOOKMARK [3][-]{subsubsection.4.1.3.6}{\376\377\0004\000.\0001\000.\0003\000.\0006\000\040\000i\000m\000p\000r\000i\000m\000i\000r\000E\000m\000O\000r\000d\000e\000m\000\050\000\051}{subsection.4.1.3}% 30
\BOOKMARK [3][-]{subsubsection.4.1.3.7}{\376\377\0004\000.\0001\000.\0003\000.\0007\000\040\000i\000n\000i\000c\000i\000a\000l\000i\000z\000a\000r\000A\000r\000v\000o\000r\000e\000\050\000\051}{subsection.4.1.3}% 31
\BOOKMARK [3][-]{subsubsection.4.1.3.8}{\376\377\0004\000.\0001\000.\0003\000.\0008\000\040\000i\000n\000s\000e\000r\000i\000r\000N\000o\000\050\000\051}{subsection.4.1.3}% 32
\BOOKMARK [3][-]{subsubsection.4.1.3.9}{\376\377\0004\000.\0001\000.\0003\000.\0009\000\040\000l\000e\000r\000E\000I\000n\000s\000e\000r\000i\000r\000M\000a\000t\000r\000i\000c\000u\000l\000a\000s\000\050\000\051}{subsection.4.1.3}% 33
\BOOKMARK [3][-]{subsubsection.4.1.3.10}{\376\377\0004\000.\0001\000.\0003\000.\0001\0000\000\040\000l\000i\000b\000e\000r\000a\000r\000A\000r\000v\000o\000r\000e\000\050\000\051}{subsection.4.1.3}% 34
\BOOKMARK [3][-]{subsubsection.4.1.3.11}{\376\377\0004\000.\0001\000.\0003\000.\0001\0001\000\040\000m\000e\000n\000u\000P\000r\000i\000n\000c\000i\000p\000a\000l\000\050\000\051}{subsection.4.1.3}% 35
\BOOKMARK [3][-]{subsubsection.4.1.3.12}{\376\377\0004\000.\0001\000.\0003\000.\0001\0002\000\040\000r\000e\000m\000o\000v\000e\000r\000N\000o\000\050\000\051}{subsection.4.1.3}% 36
\BOOKMARK [3][-]{subsubsection.4.1.3.13}{\376\377\0004\000.\0001\000.\0003\000.\0001\0003\000\040\000s\000a\000l\000v\000a\000r\000D\000a\000d\000o\000s\000N\000o\000A\000r\000q\000u\000i\000v\000o\000\050\000\051}{subsection.4.1.3}% 37
